app/android/app/build/intermediates/manifest_merge_blame_file/release/manifest-merger-blame-release-report.txt
1<?xml version="1.0" encoding="utf-8"?>
2<manifest xmlns:android="http://schemas.android.com/apk/res/android"
3    package="com.example.app"
4    android:versionCode="1"
5    android:versionName="1.0.0" >
6
7    <uses-sdk
8        android:minSdkVersion="23"
9        android:targetSdkVersion="35" />
10
11    <uses-permission android:name="android.permission.ACCESS_FINE_LOCATION" />
11-->src\main\AndroidManifest.xml:2:5-79
11-->src\main\AndroidManifest.xml:2:22-76
12    <uses-permission android:name="android.permission.ACCESS_COARSE_LOCATION" />
12-->src\main\AndroidManifest.xml:3:5-81
12-->src\main\AndroidManifest.xml:3:22-78
13    <uses-permission android:name="android.permission.INTERNET" />
13-->src\main\AndroidManifest.xml:4:5-67
13-->src\main\AndroidManifest.xml:4:22-64
14    <!--
15         Required to query activities that can process text, see:
16         https://developer.android.com/training/package-visibility and
17         https://developer.android.com/reference/android/content/Intent#ACTION_PROCESS_TEXT.
18
19         In particular, this is used by the Flutter engine in io.flutter.plugin.text.ProcessTextPlugin.
20    -->
21    <queries>
21-->src\main\AndroidManifest.xml:44:5-49:15
22        <intent>
22-->src\main\AndroidManifest.xml:45:9-48:18
23            <action android:name="android.intent.action.PROCESS_TEXT" />
23-->src\main\AndroidManifest.xml:46:13-72
23-->src\main\AndroidManifest.xml:46:21-70
24
25            <data android:mimeType="text/plain" />
25-->src\main\AndroidManifest.xml:47:13-50
25-->src\main\AndroidManifest.xml:47:19-48
26        </intent>
27        <!-- Added to check the default browser that will host the AuthFlow. -->
28        <intent>
28-->[com.stripe:financial-connections:20.52.3] AndroidManifest.xml:13:9-17:18
29            <action android:name="android.intent.action.VIEW" />
29-->[com.stripe:financial-connections:20.52.3] AndroidManifest.xml:14:13-65
29-->[com.stripe:financial-connections:20.52.3] AndroidManifest.xml:14:21-62
30
31            <data android:scheme="http" />
31-->src\main\AndroidManifest.xml:47:13-50
32        </intent> <!-- Added to check if Chrome is installed for browser-based payment authentication (e.g. 3DS1). -->
33        <package android:name="com.android.chrome" /> <!-- Needs to be explicitly declared on Android R+ -->
33-->[com.stripe:payments-core:20.52.3] AndroidManifest.xml:11:9-54
33-->[com.stripe:payments-core:20.52.3] AndroidManifest.xml:11:18-51
34        <package android:name="com.google.android.apps.maps" />
34-->[com.google.android.gms:play-services-maps:18.2.0] AndroidManifest.xml:33:9-64
34-->[com.google.android.gms:play-services-maps:18.2.0] AndroidManifest.xml:33:18-61
35    </queries>
36
37    <uses-permission android:name="android.permission.WAKE_LOCK" />
37-->[:firebase_messaging] AndroidManifest.xml:8:5-68
37-->[:firebase_messaging] AndroidManifest.xml:8:22-65
38    <uses-permission android:name="android.permission.ACCESS_NETWORK_STATE" /> <!-- Permissions options for the `notification` group -->
38-->[:firebase_messaging] AndroidManifest.xml:9:5-79
38-->[:firebase_messaging] AndroidManifest.xml:9:22-76
39    <uses-permission android:name="android.permission.POST_NOTIFICATIONS" />
39-->[:firebase_messaging] AndroidManifest.xml:11:5-77
39-->[:firebase_messaging] AndroidManifest.xml:11:22-74
40
41    <uses-feature
41-->[com.google.android.gms:play-services-maps:18.2.0] AndroidManifest.xml:26:5-28:35
42        android:glEsVersion="0x00020000"
42-->[com.google.android.gms:play-services-maps:18.2.0] AndroidManifest.xml:27:9-41
43        android:required="true" /> <!-- Required by older versions of Google Play services to create IID tokens -->
43-->[com.google.android.gms:play-services-maps:18.2.0] AndroidManifest.xml:28:9-32
44    <uses-permission android:name="com.google.android.c2dm.permission.RECEIVE" />
44-->[com.google.firebase:firebase-messaging:24.1.0] AndroidManifest.xml:26:5-82
44-->[com.google.firebase:firebase-messaging:24.1.0] AndroidManifest.xml:26:22-79
45    <uses-permission android:name="com.google.android.providers.gsf.permission.READ_GSERVICES" />
45-->[com.google.android.recaptcha:recaptcha:18.6.1] AndroidManifest.xml:9:5-98
45-->[com.google.android.recaptcha:recaptcha:18.6.1] AndroidManifest.xml:9:22-95
46
47    <permission
47-->[androidx.core:core:1.13.1] AndroidManifest.xml:22:5-24:47
48        android:name="com.example.app.DYNAMIC_RECEIVER_NOT_EXPORTED_PERMISSION"
48-->[androidx.core:core:1.13.1] AndroidManifest.xml:23:9-81
49        android:protectionLevel="signature" />
49-->[androidx.core:core:1.13.1] AndroidManifest.xml:24:9-44
50
51    <uses-permission android:name="com.example.app.DYNAMIC_RECEIVER_NOT_EXPORTED_PERMISSION" />
51-->[androidx.core:core:1.13.1] AndroidManifest.xml:26:5-97
51-->[androidx.core:core:1.13.1] AndroidManifest.xml:26:22-94
52
53    <application
53-->src\main\AndroidManifest.xml:5:5-38:19
54        android:appComponentFactory="androidx.core.app.CoreComponentFactory"
54-->[androidx.core:core:1.13.1] AndroidManifest.xml:28:18-86
55        android:extractNativeLibs="false"
56        android:icon="@mipmap/ic_launcher"
56-->src\main\AndroidManifest.xml:7:9-43
57        android:label="app" >
57-->src\main\AndroidManifest.xml:6:9-28
58        <activity
58-->src\main\AndroidManifest.xml:8:9-29:20
59            android:name="com.example.app.MainActivity"
59-->src\main\AndroidManifest.xml:9:13-41
60            android:configChanges="orientation|keyboardHidden|keyboard|screenSize|smallestScreenSize|locale|layoutDirection|fontScale|screenLayout|density|uiMode"
60-->src\main\AndroidManifest.xml:14:13-163
61            android:exported="true"
61-->src\main\AndroidManifest.xml:10:13-36
62            android:hardwareAccelerated="true"
62-->src\main\AndroidManifest.xml:15:13-47
63            android:launchMode="singleTop"
63-->src\main\AndroidManifest.xml:11:13-43
64            android:taskAffinity=""
64-->src\main\AndroidManifest.xml:12:13-36
65            android:theme="@style/LaunchTheme"
65-->src\main\AndroidManifest.xml:13:13-47
66            android:windowSoftInputMode="adjustResize" >
66-->src\main\AndroidManifest.xml:16:13-55
67
68            <!--
69                 Specifies an Android theme to apply to this Activity as soon as
70                 the Android process has started. This theme is visible to the user
71                 while the Flutter UI initializes. After that, this theme continues
72                 to determine the Window background behind the Flutter UI.
73            -->
74            <meta-data
74-->src\main\AndroidManifest.xml:21:13-24:17
75                android:name="io.flutter.embedding.android.NormalTheme"
75-->src\main\AndroidManifest.xml:22:15-70
76                android:resource="@style/NormalTheme" />
76-->src\main\AndroidManifest.xml:23:15-52
77
78            <intent-filter>
78-->src\main\AndroidManifest.xml:25:13-28:29
79                <action android:name="android.intent.action.MAIN" />
79-->src\main\AndroidManifest.xml:26:17-68
79-->src\main\AndroidManifest.xml:26:25-66
80
81                <category android:name="android.intent.category.LAUNCHER" />
81-->src\main\AndroidManifest.xml:27:17-76
81-->src\main\AndroidManifest.xml:27:27-74
82            </intent-filter>
83        </activity>
84        <!--
85             Don't delete the meta-data below.
86             This is used by the Flutter tool to generate GeneratedPluginRegistrant.java
87        -->
88        <meta-data
88-->src\main\AndroidManifest.xml:32:9-34:33
89            android:name="flutterEmbedding"
89-->src\main\AndroidManifest.xml:33:13-44
90            android:value="2" />
90-->src\main\AndroidManifest.xml:34:13-30
91        <meta-data
91-->src\main\AndroidManifest.xml:35:9-37:71
92            android:name="com.google.android.geo.API_KEY"
92-->src\main\AndroidManifest.xml:36:13-58
93            android:value="AIzaSyDtWC-72NtXOHslZ-1Gv8bYVxLGMzFlTwQ" />
93-->src\main\AndroidManifest.xml:37:13-68
94
95        <service
95-->[:cloud_firestore] AndroidManifest.xml:8:9-12:19
96            android:name="com.google.firebase.components.ComponentDiscoveryService"
96-->[:cloud_firestore] AndroidManifest.xml:8:18-89
97            android:directBootAware="true"
97-->[com.google.firebase:firebase-common:21.0.0] AndroidManifest.xml:32:13-43
98            android:exported="false" >
98-->[com.google.firebase:firebase-auth:23.2.0] AndroidManifest.xml:68:13-37
99            <meta-data
99-->[:cloud_firestore] AndroidManifest.xml:9:13-11:85
100                android:name="com.google.firebase.components:io.flutter.plugins.firebase.firestore.FlutterFirebaseFirestoreRegistrar"
100-->[:cloud_firestore] AndroidManifest.xml:10:17-134
101                android:value="com.google.firebase.components.ComponentRegistrar" />
101-->[:cloud_firestore] AndroidManifest.xml:11:17-82
102            <meta-data
102-->[:firebase_auth] AndroidManifest.xml:9:13-11:85
103                android:name="com.google.firebase.components:io.flutter.plugins.firebase.auth.FlutterFirebaseAuthRegistrar"
103-->[:firebase_auth] AndroidManifest.xml:10:17-124
104                android:value="com.google.firebase.components.ComponentRegistrar" />
104-->[:firebase_auth] AndroidManifest.xml:11:17-82
105            <meta-data
105-->[:firebase_messaging] AndroidManifest.xml:36:13-38:85
106                android:name="com.google.firebase.components:io.flutter.plugins.firebase.messaging.FlutterFirebaseAppRegistrar"
106-->[:firebase_messaging] AndroidManifest.xml:37:17-128
107                android:value="com.google.firebase.components.ComponentRegistrar" />
107-->[:firebase_messaging] AndroidManifest.xml:38:17-82
108            <meta-data
108-->[:firebase_core] AndroidManifest.xml:9:13-11:85
109                android:name="com.google.firebase.components:io.flutter.plugins.firebase.core.FlutterFirebaseCoreRegistrar"
109-->[:firebase_core] AndroidManifest.xml:10:17-124
110                android:value="com.google.firebase.components.ComponentRegistrar" />
110-->[:firebase_core] AndroidManifest.xml:11:17-82
111            <meta-data
111-->[com.google.firebase:firebase-auth:23.2.0] AndroidManifest.xml:69:13-71:85
112                android:name="com.google.firebase.components:com.google.firebase.auth.FirebaseAuthRegistrar"
112-->[com.google.firebase:firebase-auth:23.2.0] AndroidManifest.xml:70:17-109
113                android:value="com.google.firebase.components.ComponentRegistrar" />
113-->[com.google.firebase:firebase-auth:23.2.0] AndroidManifest.xml:71:17-82
114            <meta-data
114-->[com.google.firebase:firebase-firestore:25.1.2] AndroidManifest.xml:17:13-19:85
115                android:name="com.google.firebase.components:com.google.firebase.firestore.FirebaseFirestoreKtxRegistrar"
115-->[com.google.firebase:firebase-firestore:25.1.2] AndroidManifest.xml:18:17-122
116                android:value="com.google.firebase.components.ComponentRegistrar" />
116-->[com.google.firebase:firebase-firestore:25.1.2] AndroidManifest.xml:19:17-82
117            <meta-data
117-->[com.google.firebase:firebase-firestore:25.1.2] AndroidManifest.xml:20:13-22:85
118                android:name="com.google.firebase.components:com.google.firebase.firestore.FirestoreRegistrar"
118-->[com.google.firebase:firebase-firestore:25.1.2] AndroidManifest.xml:21:17-111
119                android:value="com.google.firebase.components.ComponentRegistrar" />
119-->[com.google.firebase:firebase-firestore:25.1.2] AndroidManifest.xml:22:17-82
120            <meta-data
120-->[com.google.firebase:firebase-messaging:24.1.0] AndroidManifest.xml:57:13-59:85
121                android:name="com.google.firebase.components:com.google.firebase.messaging.FirebaseMessagingKtxRegistrar"
121-->[com.google.firebase:firebase-messaging:24.1.0] AndroidManifest.xml:58:17-122
122                android:value="com.google.firebase.components.ComponentRegistrar" />
122-->[com.google.firebase:firebase-messaging:24.1.0] AndroidManifest.xml:59:17-82
123            <meta-data
123-->[com.google.firebase:firebase-messaging:24.1.0] AndroidManifest.xml:60:13-62:85
124                android:name="com.google.firebase.components:com.google.firebase.messaging.FirebaseMessagingRegistrar"
124-->[com.google.firebase:firebase-messaging:24.1.0] AndroidManifest.xml:61:17-119
125                android:value="com.google.firebase.components.ComponentRegistrar" />
125-->[com.google.firebase:firebase-messaging:24.1.0] AndroidManifest.xml:62:17-82
126            <meta-data
126-->[com.google.firebase:firebase-installations:18.0.0] AndroidManifest.xml:15:13-17:85
127                android:name="com.google.firebase.components:com.google.firebase.installations.FirebaseInstallationsKtxRegistrar"
127-->[com.google.firebase:firebase-installations:18.0.0] AndroidManifest.xml:16:17-130
128                android:value="com.google.firebase.components.ComponentRegistrar" />
128-->[com.google.firebase:firebase-installations:18.0.0] AndroidManifest.xml:17:17-82
129            <meta-data
129-->[com.google.firebase:firebase-installations:18.0.0] AndroidManifest.xml:18:13-20:85
130                android:name="com.google.firebase.components:com.google.firebase.installations.FirebaseInstallationsRegistrar"
130-->[com.google.firebase:firebase-installations:18.0.0] AndroidManifest.xml:19:17-127
131                android:value="com.google.firebase.components.ComponentRegistrar" />
131-->[com.google.firebase:firebase-installations:18.0.0] AndroidManifest.xml:20:17-82
132            <meta-data
132-->[com.google.firebase:firebase-common-ktx:21.0.0] AndroidManifest.xml:12:13-14:85
133                android:name="com.google.firebase.components:com.google.firebase.ktx.FirebaseCommonLegacyRegistrar"
133-->[com.google.firebase:firebase-common-ktx:21.0.0] AndroidManifest.xml:13:17-116
134                android:value="com.google.firebase.components.ComponentRegistrar" />
134-->[com.google.firebase:firebase-common-ktx:21.0.0] AndroidManifest.xml:14:17-82
135            <meta-data
135-->[com.google.firebase:firebase-common:21.0.0] AndroidManifest.xml:35:13-37:85
136                android:name="com.google.firebase.components:com.google.firebase.FirebaseCommonKtxRegistrar"
136-->[com.google.firebase:firebase-common:21.0.0] AndroidManifest.xml:36:17-109
137                android:value="com.google.firebase.components.ComponentRegistrar" />
137-->[com.google.firebase:firebase-common:21.0.0] AndroidManifest.xml:37:17-82
138            <meta-data
138-->[com.google.firebase:firebase-datatransport:18.2.0] AndroidManifest.xml:25:13-27:85
139                android:name="com.google.firebase.components:com.google.firebase.datatransport.TransportRegistrar"
139-->[com.google.firebase:firebase-datatransport:18.2.0] AndroidManifest.xml:26:17-115
140                android:value="com.google.firebase.components.ComponentRegistrar" />
140-->[com.google.firebase:firebase-datatransport:18.2.0] AndroidManifest.xml:27:17-82
141        </service>
142        <service
142-->[:firebase_messaging] AndroidManifest.xml:14:9-17:72
143            android:name="io.flutter.plugins.firebase.messaging.FlutterFirebaseMessagingBackgroundService"
143-->[:firebase_messaging] AndroidManifest.xml:15:13-107
144            android:exported="false"
144-->[:firebase_messaging] AndroidManifest.xml:16:13-37
145            android:permission="android.permission.BIND_JOB_SERVICE" />
145-->[:firebase_messaging] AndroidManifest.xml:17:13-69
146        <service
146-->[:firebase_messaging] AndroidManifest.xml:18:9-24:19
147            android:name="io.flutter.plugins.firebase.messaging.FlutterFirebaseMessagingService"
147-->[:firebase_messaging] AndroidManifest.xml:19:13-97
148            android:exported="false" >
148-->[:firebase_messaging] AndroidManifest.xml:20:13-37
149            <intent-filter>
149-->[:firebase_messaging] AndroidManifest.xml:21:13-23:29
150                <action android:name="com.google.firebase.MESSAGING_EVENT" />
150-->[:firebase_messaging] AndroidManifest.xml:22:17-78
150-->[:firebase_messaging] AndroidManifest.xml:22:25-75
151            </intent-filter>
152        </service>
153
154        <receiver
154-->[:firebase_messaging] AndroidManifest.xml:26:9-33:20
155            android:name="io.flutter.plugins.firebase.messaging.FlutterFirebaseMessagingReceiver"
155-->[:firebase_messaging] AndroidManifest.xml:27:13-98
156            android:exported="true"
156-->[:firebase_messaging] AndroidManifest.xml:28:13-36
157            android:permission="com.google.android.c2dm.permission.SEND" >
157-->[:firebase_messaging] AndroidManifest.xml:29:13-73
158            <intent-filter>
158-->[:firebase_messaging] AndroidManifest.xml:30:13-32:29
159                <action android:name="com.google.android.c2dm.intent.RECEIVE" />
159-->[:firebase_messaging] AndroidManifest.xml:31:17-81
159-->[:firebase_messaging] AndroidManifest.xml:31:25-78
160            </intent-filter>
161        </receiver>
162
163        <provider
163-->[:firebase_messaging] AndroidManifest.xml:41:9-45:38
164            android:name="io.flutter.plugins.firebase.messaging.FlutterFirebaseMessagingInitProvider"
164-->[:firebase_messaging] AndroidManifest.xml:42:13-102
165            android:authorities="com.example.app.flutterfirebasemessaginginitprovider"
165-->[:firebase_messaging] AndroidManifest.xml:43:13-88
166            android:exported="false"
166-->[:firebase_messaging] AndroidManifest.xml:44:13-37
167            android:initOrder="99" />
167-->[:firebase_messaging] AndroidManifest.xml:45:13-35
168
169        <service
169-->[:geolocator_android] AndroidManifest.xml:8:9-12:56
170            android:name="com.baseflow.geolocator.GeolocatorLocationService"
170-->[:geolocator_android] AndroidManifest.xml:9:13-77
171            android:enabled="true"
171-->[:geolocator_android] AndroidManifest.xml:10:13-35
172            android:exported="false"
172-->[:geolocator_android] AndroidManifest.xml:11:13-37
173            android:foregroundServiceType="location" />
173-->[:geolocator_android] AndroidManifest.xml:12:13-53
174
175        <activity
175-->[:url_launcher_android] AndroidManifest.xml:8:9-11:74
176            android:name="io.flutter.plugins.urllauncher.WebViewActivity"
176-->[:url_launcher_android] AndroidManifest.xml:9:13-74
177            android:exported="false"
177-->[:url_launcher_android] AndroidManifest.xml:10:13-37
178            android:theme="@android:style/Theme.NoTitleBar.Fullscreen" />
178-->[:url_launcher_android] AndroidManifest.xml:11:13-71
179        <activity
179-->[com.stripe:financial-connections:20.52.3] AndroidManifest.xml:21:9-65:20
180            android:name="com.stripe.android.financialconnections.FinancialConnectionsSheetRedirectActivity"
180-->[com.stripe:financial-connections:20.52.3] AndroidManifest.xml:22:13-109
181            android:exported="true"
181-->[com.stripe:financial-connections:20.52.3] AndroidManifest.xml:23:13-36
182            android:launchMode="singleTask" >
182-->[com.stripe:financial-connections:20.52.3] AndroidManifest.xml:24:13-44
183            <intent-filter>
183-->[com.stripe:financial-connections:20.52.3] AndroidManifest.xml:25:13-64:29
184                <action android:name="android.intent.action.VIEW" />
184-->[com.stripe:financial-connections:20.52.3] AndroidManifest.xml:14:13-65
184-->[com.stripe:financial-connections:20.52.3] AndroidManifest.xml:14:21-62
185
186                <category android:name="android.intent.category.DEFAULT" />
186-->[com.stripe:financial-connections:20.52.3] AndroidManifest.xml:28:17-76
186-->[com.stripe:financial-connections:20.52.3] AndroidManifest.xml:28:27-73
187                <category android:name="android.intent.category.BROWSABLE" />
187-->[com.stripe:financial-connections:20.52.3] AndroidManifest.xml:29:17-78
187-->[com.stripe:financial-connections:20.52.3] AndroidManifest.xml:29:27-75
188
189                <!-- Returning from app2app: return_url is triggered to reopen web AuthFlow and poll accounts. -->
190                <data
190-->src\main\AndroidManifest.xml:47:13-50
191                    android:host="link-accounts"
192                    android:pathPrefix="/com.example.app/authentication_return"
193                    android:scheme="stripe-auth" />
194
195                <!-- Returning from app2app: return_url is triggered to reopen native AuthFlow and poll accounts. -->
196                <data
196-->src\main\AndroidManifest.xml:47:13-50
197                    android:host="link-native-accounts"
198                    android:pathPrefix="/com.example.app/authentication_return"
199                    android:scheme="stripe-auth" />
200
201                <!-- End of web AuthFlow success and cancel URIs that begin with "stripe-auth://link-accounts/{app-id}/...” -->
202                <data
202-->src\main\AndroidManifest.xml:47:13-50
203                    android:host="link-accounts"
204                    android:path="/com.example.app/success"
205                    android:scheme="stripe-auth" />
206                <data
206-->src\main\AndroidManifest.xml:47:13-50
207                    android:host="link-accounts"
208                    android:path="/com.example.app/cancel"
209                    android:scheme="stripe-auth" />
210
211                <!-- Opening app2app: Web flow triggers stripe-auth://native-redirect/{app-id}/http://web-that-redirects-to-native -->
212                <data
212-->src\main\AndroidManifest.xml:47:13-50
213                    android:host="native-redirect"
214                    android:pathPrefix="/com.example.app"
215                    android:scheme="stripe-auth" />
216
217                <!-- Accepts success/cancel/fail URIs that begin with "stripe://auth-redirect” -->
218                <data
218-->src\main\AndroidManifest.xml:47:13-50
219                    android:host="auth-redirect"
220                    android:pathPrefix="/com.example.app"
221                    android:scheme="stripe" />
222            </intent-filter>
223        </activity>
224        <activity
224-->[com.stripe:financial-connections:20.52.3] AndroidManifest.xml:66:9-69:77
225            android:name="com.stripe.android.financialconnections.FinancialConnectionsSheetActivity"
225-->[com.stripe:financial-connections:20.52.3] AndroidManifest.xml:67:13-101
226            android:exported="false"
226-->[com.stripe:financial-connections:20.52.3] AndroidManifest.xml:68:13-37
227            android:theme="@style/StripeFinancialConnectionsDefaultTheme" />
227-->[com.stripe:financial-connections:20.52.3] AndroidManifest.xml:69:13-74
228        <activity
228-->[com.stripe:financial-connections:20.52.3] AndroidManifest.xml:70:9-74:58
229            android:name="com.stripe.android.financialconnections.ui.FinancialConnectionsSheetNativeActivity"
229-->[com.stripe:financial-connections:20.52.3] AndroidManifest.xml:71:13-110
230            android:exported="false"
230-->[com.stripe:financial-connections:20.52.3] AndroidManifest.xml:72:13-37
231            android:theme="@style/StripeFinancialConnectionsDefaultTheme"
231-->[com.stripe:financial-connections:20.52.3] AndroidManifest.xml:73:13-74
232            android:windowSoftInputMode="adjustResize" />
232-->[com.stripe:financial-connections:20.52.3] AndroidManifest.xml:74:13-55
233        <activity
233-->[com.google.firebase:firebase-auth:23.2.0] AndroidManifest.xml:29:9-46:20
234            android:name="com.google.firebase.auth.internal.GenericIdpActivity"
234-->[com.google.firebase:firebase-auth:23.2.0] AndroidManifest.xml:30:13-80
235            android:excludeFromRecents="true"
235-->[com.google.firebase:firebase-auth:23.2.0] AndroidManifest.xml:31:13-46
236            android:exported="true"
236-->[com.google.firebase:firebase-auth:23.2.0] AndroidManifest.xml:32:13-36
237            android:launchMode="singleTask"
237-->[com.google.firebase:firebase-auth:23.2.0] AndroidManifest.xml:33:13-44
238            android:theme="@android:style/Theme.Translucent.NoTitleBar" >
238-->[com.google.firebase:firebase-auth:23.2.0] AndroidManifest.xml:34:13-72
239            <intent-filter>
239-->[com.google.firebase:firebase-auth:23.2.0] AndroidManifest.xml:35:13-45:29
240                <action android:name="android.intent.action.VIEW" />
240-->[com.stripe:financial-connections:20.52.3] AndroidManifest.xml:14:13-65
240-->[com.stripe:financial-connections:20.52.3] AndroidManifest.xml:14:21-62
241
242                <category android:name="android.intent.category.DEFAULT" />
242-->[com.stripe:financial-connections:20.52.3] AndroidManifest.xml:28:17-76
242-->[com.stripe:financial-connections:20.52.3] AndroidManifest.xml:28:27-73
243                <category android:name="android.intent.category.BROWSABLE" />
243-->[com.stripe:financial-connections:20.52.3] AndroidManifest.xml:29:17-78
243-->[com.stripe:financial-connections:20.52.3] AndroidManifest.xml:29:27-75
244
245                <data
245-->src\main\AndroidManifest.xml:47:13-50
246                    android:host="firebase.auth"
247                    android:path="/"
248                    android:scheme="genericidp" />
249            </intent-filter>
250        </activity>
251        <activity
251-->[com.google.firebase:firebase-auth:23.2.0] AndroidManifest.xml:47:9-64:20
252            android:name="com.google.firebase.auth.internal.RecaptchaActivity"
252-->[com.google.firebase:firebase-auth:23.2.0] AndroidManifest.xml:48:13-79
253            android:excludeFromRecents="true"
253-->[com.google.firebase:firebase-auth:23.2.0] AndroidManifest.xml:49:13-46
254            android:exported="true"
254-->[com.google.firebase:firebase-auth:23.2.0] AndroidManifest.xml:50:13-36
255            android:launchMode="singleTask"
255-->[com.google.firebase:firebase-auth:23.2.0] AndroidManifest.xml:51:13-44
256            android:theme="@android:style/Theme.Translucent.NoTitleBar" >
256-->[com.google.firebase:firebase-auth:23.2.0] AndroidManifest.xml:52:13-72
257            <intent-filter>
257-->[com.google.firebase:firebase-auth:23.2.0] AndroidManifest.xml:53:13-63:29
258                <action android:name="android.intent.action.VIEW" />
258-->[com.stripe:financial-connections:20.52.3] AndroidManifest.xml:14:13-65
258-->[com.stripe:financial-connections:20.52.3] AndroidManifest.xml:14:21-62
259
260                <category android:name="android.intent.category.DEFAULT" />
260-->[com.stripe:financial-connections:20.52.3] AndroidManifest.xml:28:17-76
260-->[com.stripe:financial-connections:20.52.3] AndroidManifest.xml:28:27-73
261                <category android:name="android.intent.category.BROWSABLE" />
261-->[com.stripe:financial-connections:20.52.3] AndroidManifest.xml:29:17-78
261-->[com.stripe:financial-connections:20.52.3] AndroidManifest.xml:29:27-75
262
263                <data
263-->src\main\AndroidManifest.xml:47:13-50
264                    android:host="firebase.auth"
265                    android:path="/"
266                    android:scheme="recaptcha" />
267            </intent-filter>
268        </activity>
269        <activity
269-->[com.stripe:paymentsheet:20.52.3] AndroidManifest.xml:8:9-11:69
270            android:name="com.stripe.android.paymentsheet.PaymentSheetActivity"
270-->[com.stripe:paymentsheet:20.52.3] AndroidManifest.xml:9:13-80
271            android:exported="false"
271-->[com.stripe:paymentsheet:20.52.3] AndroidManifest.xml:10:13-37
272            android:theme="@style/StripePaymentSheetDefaultTheme" />
272-->[com.stripe:paymentsheet:20.52.3] AndroidManifest.xml:11:13-66
273        <activity
273-->[com.stripe:paymentsheet:20.52.3] AndroidManifest.xml:12:9-15:69
274            android:name="com.stripe.android.paymentsheet.PaymentOptionsActivity"
274-->[com.stripe:paymentsheet:20.52.3] AndroidManifest.xml:13:13-82
275            android:exported="false"
275-->[com.stripe:paymentsheet:20.52.3] AndroidManifest.xml:14:13-37
276            android:theme="@style/StripePaymentSheetDefaultTheme" />
276-->[com.stripe:paymentsheet:20.52.3] AndroidManifest.xml:15:13-66
277        <activity
277-->[com.stripe:paymentsheet:20.52.3] AndroidManifest.xml:16:9-19:69
278            android:name="com.stripe.android.customersheet.CustomerSheetActivity"
278-->[com.stripe:paymentsheet:20.52.3] AndroidManifest.xml:17:13-82
279            android:exported="false"
279-->[com.stripe:paymentsheet:20.52.3] AndroidManifest.xml:18:13-37
280            android:theme="@style/StripePaymentSheetDefaultTheme" />
280-->[com.stripe:paymentsheet:20.52.3] AndroidManifest.xml:19:13-66
281        <activity
281-->[com.stripe:paymentsheet:20.52.3] AndroidManifest.xml:20:9-23:69
282            android:name="com.stripe.android.paymentsheet.addresselement.AddressElementActivity"
282-->[com.stripe:paymentsheet:20.52.3] AndroidManifest.xml:21:13-97
283            android:exported="false"
283-->[com.stripe:paymentsheet:20.52.3] AndroidManifest.xml:22:13-37
284            android:theme="@style/StripePaymentSheetDefaultTheme" />
284-->[com.stripe:paymentsheet:20.52.3] AndroidManifest.xml:23:13-66
285        <activity
285-->[com.stripe:paymentsheet:20.52.3] AndroidManifest.xml:24:9-27:69
286            android:name="com.stripe.android.paymentsheet.paymentdatacollection.bacs.BacsMandateConfirmationActivity"
286-->[com.stripe:paymentsheet:20.52.3] AndroidManifest.xml:25:13-118
287            android:exported="false"
287-->[com.stripe:paymentsheet:20.52.3] AndroidManifest.xml:26:13-37
288            android:theme="@style/StripePaymentSheetDefaultTheme" />
288-->[com.stripe:paymentsheet:20.52.3] AndroidManifest.xml:27:13-66
289        <activity
289-->[com.stripe:paymentsheet:20.52.3] AndroidManifest.xml:28:9-31:69
290            android:name="com.stripe.android.paymentsheet.paymentdatacollection.polling.PollingActivity"
290-->[com.stripe:paymentsheet:20.52.3] AndroidManifest.xml:29:13-105
291            android:exported="false"
291-->[com.stripe:paymentsheet:20.52.3] AndroidManifest.xml:30:13-37